<?xml version="1.0" encoding="UTF-8"?>
<testsuite name="miningtool.parse.antlr.solidity.ANTLRSolidity1ParserTest" tests="3" skipped="0" failures="0" errors="0" timestamp="2020-05-28T09:39:23" hostname="HP" time="0.446">
  <properties/>
  <testcase name="testNode1sol" classname="miningtool.parse.antlr.solidity.ANTLRSolidity1ParserTest" time="0.228"/>
  <testcase name="testNode2sol" classname="miningtool.parse.antlr.solidity.ANTLRSolidity1ParserTest" time="0.072"/>
  <testcase name="testNode3sol" classname="miningtool.parse.antlr.solidity.ANTLRSolidity1ParserTest" time="0.144"/>
  <system-out><![CDATA[]]></system-out>
  <system-err><![CDATA[]]></system-err>
</testsuite>
